2025-05-07 17:11:33 [main] INFO  Main - Запуск клиента
2025-05-07 17:11:33 [main] INFO  NetworkClient - Подключение к серверу localhost:8088
2025-05-07 17:11:33 [main] INFO   - Настройка команд
2025-05-07 17:11:33 [main] INFO   - Очистка списка команд
2025-05-07 17:11:33 [main] INFO   - Запуск цикла работы клиента
2025-05-07 17:11:39 [main] INFO   - Вызов команды: help
2025-05-07 17:11:43 [main] INFO   - Вызов команды: head
2025-05-07 17:11:47 [main] INFO   - Вызов команды: info
2025-05-07 17:11:57 [main] INFO   - Вызов команды: remove_lower
2025-05-07 17:12:00 [main] INFO   - Вызов команды: show
2025-05-07 17:12:06 [main] INFO   - Вызов команды: help
2025-05-07 17:12:16 [main] INFO   - Вызов команды: update
2025-05-07 17:12:25 [main] INFO   - Вызов команды: show
2025-05-07 17:12:32 [main] INFO  NetworkClient - Соединение с сервером закрыто
2025-05-07 17:13:06 [main] INFO  Main - Запуск клиента
2025-05-07 17:13:06 [main] INFO  NetworkClient - Подключение к серверу localhost:8088
2025-05-07 17:13:06 [main] INFO   - Настройка команд
2025-05-07 17:13:06 [main] INFO   - Очистка списка команд
2025-05-07 17:13:06 [main] INFO   - Запуск цикла работы клиента
2025-05-07 17:13:18 [main] INFO   - Вызов команды: execute_script
2025-05-07 17:13:18 [main] INFO   - Вызов команды: head
2025-05-07 17:13:18 [main] INFO   - Вызов команды: help
2025-05-07 17:13:18 [main] INFO   - Вызов команды: info
2025-05-07 17:13:18 [main] INFO   - Вызов команды: execute_script
2025-05-07 17:13:18 [main] INFO   - Вызов команды: show
2025-05-07 17:13:18 [main] INFO   - Вызов команды: info
2025-05-07 17:13:18 [main] INFO   - Вызов команды: remove_lower
2025-05-07 17:13:18 [main] INFO   - Вызов команды: execute_script
2025-05-07 17:13:18 [main] INFO   - Вызов команды: show
2025-05-07 17:13:18 [main] INFO   - Вызов команды: execute_script
