2025-05-07 17:11:22 [main] INFO   - Загружено 4 элементов
2025-05-07 17:11:22 [main] INFO   - Сервер запущен на порту 8088
2025-05-07 17:11:22 [main] INFO   - Сервер запущен. Порт: 8088, файл: data/collection.csv
2025-05-07 17:11:33 [main] INFO   - Новое подключение: /127.0.0.1:49692
2025-05-07 17:11:39 [main] INFO   - Получена команда: help
2025-05-07 17:11:39 [main] INFO   - Вызов команды: help
2025-05-07 17:11:39 [main] INFO   - Команда 'help': вывод справки
2025-05-07 17:11:43 [main] INFO   - Получена команда: head
2025-05-07 17:11:43 [main] INFO   - Вызов команды: head
2025-05-07 17:11:43 [main] INFO   - Команда 'head': найден элемент ID 2
2025-05-07 17:11:47 [main] INFO   - Получена команда: info
2025-05-07 17:11:47 [main] INFO   - Вызов команды: info
2025-05-07 17:11:47 [main] INFO   - Команда 'info': Информация о коллекции получена
2025-05-07 17:11:57 [main] INFO   - Получена команда: remove_lower
2025-05-07 17:11:57 [main] INFO   - Вызов команды: remove_lower
2025-05-07 17:11:57 [main] INFO   - Удалено 1 элементов с ID < 3
2025-05-07 17:11:57 [main] INFO   - Команда 'remove_lower': Удалены элементы с ID: 2
2025-05-07 17:12:00 [main] INFO   - Получена команда: show
2025-05-07 17:12:00 [main] INFO   - Вызов команды: show
2025-05-07 17:12:06 [main] INFO   - Получена команда: help
2025-05-07 17:12:06 [main] INFO   - Вызов команды: help
2025-05-07 17:12:06 [main] INFO   - Команда 'help': вывод справки
2025-05-07 17:12:22 [main] INFO   - Получена команда: update
2025-05-07 17:12:22 [main] INFO   - Вызов команды: update
2025-05-07 17:12:22 [main] INFO   - Обновлён элемент: LabWork{id=3, name='asdf', coordinates=Координаты: (x=1, y=1), creationDate=2025-05-07T17:12:22.770871585+03:00[Europe/Moscow], minimalPoint=1.0, tunedInWorks=1, difficulty=EASY, discipline=null}
2025-05-07 17:12:22 [main] INFO   - Команда 'update': элемент с ID 3 успешно обновлён
2025-05-07 17:12:25 [main] INFO   - Получена команда: show
2025-05-07 17:12:25 [main] INFO   - Вызов команды: show
2025-05-07 17:12:32 [main] WARN   - Клиент отключился: 127.0.0.1
2025-05-07 17:12:35 [main] INFO   - Сервер остановлен
2025-05-07 17:12:35 [Thread-1] INFO   - Сервер остановлен
2025-05-07 17:13:02 [main] INFO   - Загружено 3 элементов
2025-05-07 17:13:02 [main] INFO   - Сервер запущен на порту 8088
2025-05-07 17:13:02 [main] INFO   - Сервер запущен. Порт: 8088, файл: data/collection.csv
2025-05-07 17:13:06 [main] INFO   - Новое подключение: /127.0.0.1:54992
2025-05-07 17:13:18 [main] INFO   - Получена команда: head
2025-05-07 17:13:18 [main] INFO   - Вызов команды: head
2025-05-07 17:13:18 [main] INFO   - Команда 'head': найден элемент ID 3
2025-05-07 17:13:18 [main] INFO   - Получена команда: help
2025-05-07 17:13:18 [main] INFO   - Вызов команды: help
2025-05-07 17:13:18 [main] INFO   - Команда 'help': вывод справки
2025-05-07 17:13:18 [main] INFO   - Получена команда: info
2025-05-07 17:13:18 [main] INFO   - Вызов команды: info
2025-05-07 17:13:18 [main] INFO   - Команда 'info': Информация о коллекции получена
2025-05-07 17:13:18 [main] INFO   - Получена команда: show
2025-05-07 17:13:18 [main] INFO   - Вызов команды: show
2025-05-07 17:13:18 [main] INFO   - Получена команда: info
2025-05-07 17:13:18 [main] INFO   - Вызов команды: info
2025-05-07 17:13:18 [main] INFO   - Команда 'info': Информация о коллекции получена
2025-05-07 17:13:18 [main] INFO   - Получена команда: remove_lower
2025-05-07 17:13:18 [main] INFO   - Вызов команды: remove_lower
2025-05-07 17:13:18 [main] INFO   - Команда 'remove_lower': нет элементов с ID < 2
2025-05-07 17:13:18 [main] INFO   - Получена команда: show
2025-05-07 17:13:18 [main] INFO   - Вызов команды: show
2025-05-07 17:41:36 [main] INFO   - Сервер остановлен
2025-05-07 17:41:36 [Thread-1] INFO   - Сервер остановлен
